<?xml version="1.0" encoding="UTF-8"?>
<testng-results skipped="0" failed="0" ignored="0" total="2" passed="2">
  <reporter-output>
  </reporter-output>
  <suite name="Suite" duration-ms="88" started-at="2020-07-08T10:04:36Z" finished-at="2020-07-08T10:04:36Z">
    <groups>
    </groups>
    <test name="Test" duration-ms="88" started-at="2020-07-08T10:04:36Z" finished-at="2020-07-08T10:04:36Z">
      <class name="tests.Test2">
        <test-method status="PASS" signature="TestSanity1()[pri:0, instance:tests.Test2@44f75083]" name="TestSanity1" duration-ms="20" started-at="2020-07-08T10:04:36Z" finished-at="2020-07-08T10:04:36Z">
          <reporter-output>
          </reporter-output>
        </test-method> <!-- TestSanity1 -->
        <test-method status="PASS" signature="TestSanity4()[pri:0, instance:tests.Test2@44f75083]" name="TestSanity4" duration-ms="1" started-at="2020-07-08T10:04:36Z" finished-at="2020-07-08T10:04:36Z">
          <reporter-output>
          </reporter-output>
        </test-method> <!-- TestSanity4 -->
      </class> <!-- tests.Test2 -->
    </test> <!-- Test -->
  </suite> <!-- Suite -->
</testng-results>
