<?xml version="1.0" encoding="UTF-8"?>
<testng-results skipped="0" failed="0" ignored="0" total="2" passed="2">
  <reporter-output>
  </reporter-output>
  <suite name="Suite" duration-ms="281" started-at="2020-07-08T15:30:51 IST" finished-at="2020-07-08T15:30:52 IST">
    <groups>
    </groups>
    <test name="Test" duration-ms="281" started-at="2020-07-08T15:30:51 IST" finished-at="2020-07-08T15:30:52 IST">
      <class name="tests.Test2">
        <test-method status="PASS" signature="TestSanity1()[pri:0, instance:tests.Test2@50b494a6]" name="TestSanity1" duration-ms="60" started-at="2020-07-08T15:30:52 IST" finished-at="2020-07-08T15:30:52 IST">
          <reporter-output>
          </reporter-output>
        </test-method> <!-- TestSanity1 -->
        <test-method status="PASS" signature="TestSanity4()[pri:0, instance:tests.Test2@50b494a6]" name="TestSanity4" duration-ms="6" started-at="2020-07-08T15:30:52 IST" finished-at="2020-07-08T15:30:52 IST">
          <reporter-output>
          </reporter-output>
        </test-method> <!-- TestSanity4 -->
      </class> <!-- tests.Test2 -->
    </test> <!-- Test -->
  </suite> <!-- Suite -->
</testng-results>
